[ 2015-07-08T08:48:50+08:00 ] 127.0.0.1 /SmallRain/index.php/Home/Index/add_comments
INFO: [ app_begin ] --START--
INFO: Run Behavior\ReadHtmlCache [ RunTime:0.000000s ]
INFO: [ app_begin ] --END-- [ RunTime:0.002000s ]
INFO: [ action_begin ] --START--
INFO: [ action_begin ] --END-- [ RunTime:0.000000s ]
NOTIC: [8192] mysql_connect(): The mysql extension is deprecated and will be removed in the future: use mysqli or PDO instead D:\xampp\www\SmallRain\ThinkPHP\Library\Think\Db\Driver\Mysql.class.php 第 52 行.
SQL: SHOW COLUMNS FROM `tb_member` [ RunTime:0.005000s ]
SQL: SELECT * FROM `tb_member` WHERE ( username='SmallRain' ) LIMIT 1   [ RunTime:0.000000s ]
SQL: SHOW COLUMNS FROM `tb_comment` [ RunTime:0.004001s ]
SQL: INSERT INTO `tb_comment` (`pass_id`,`user_id`,`say`,`time`,`ip`) VALUES (26,2,'不错哦!','2015-07-08 08:48 am','127.0.0.1') [ RunTime:0.067004s ]
INFO: [ app_end ] --START--
INFO: Run Behavior\ShowPageTrace [ RunTime:0.001000s ]
INFO: [ app_end ] --END-- [ RunTime:0.001000s ]

[ 2015-07-08T08:49:48+08:00 ] 127.0.0.1 /SmallRain/index.php/Home/Index/add_comments
INFO: [ app_begin ] --START--
INFO: Run Behavior\ReadHtmlCache [ RunTime:0.000000s ]
INFO: [ app_begin ] --END-- [ RunTime:0.001000s ]
INFO: [ action_begin ] --START--
INFO: [ action_begin ] --END-- [ RunTime:0.000000s ]
NOTIC: [8192] mysql_connect(): The mysql extension is deprecated and will be removed in the future: use mysqli or PDO instead D:\xampp\www\SmallRain\ThinkPHP\Library\Think\Db\Driver\Mysql.class.php 第 52 行.
SQL: SHOW COLUMNS FROM `tb_member` [ RunTime:0.002001s ]
SQL: SELECT * FROM `tb_member` WHERE ( username='SmallRain' ) LIMIT 1   [ RunTime:0.000000s ]
SQL: SHOW COLUMNS FROM `tb_comment` [ RunTime:0.003000s ]
SQL: INSERT INTO `tb_comment` (`pass_id`,`user_id`,`say`,`time`,`ip`) VALUES (24,2,'Hello world','2015-07-08 08:49 am','127.0.0.1') [ RunTime:0.072004s ]
INFO: [ app_end ] --START--
INFO: Run Behavior\ShowPageTrace [ RunTime:0.000000s ]
INFO: [ app_end ] --END-- [ RunTime:0.001000s ]

[ 2015-07-08T08:50:26+08:00 ] 127.0.0.1 /Smallrain/index.php/Home/Admin/get_content
INFO: [ app_begin ] --START--
INFO: Run Behavior\ReadHtmlCache [ RunTime:0.000000s ]
INFO: [ app_begin ] --END-- [ RunTime:0.001000s ]
INFO: [ action_begin ] --START--
INFO: [ action_begin ] --END-- [ RunTime:0.000000s ]
NOTIC: [8192] mysql_connect(): The mysql extension is deprecated and will be removed in the future: use mysqli or PDO instead D:\xampp\www\SmallRain\ThinkPHP\Library\Think\Db\Driver\Mysql.class.php 第 52 行.
SQL: SHOW COLUMNS FROM `tb_passage` [ RunTime:0.005000s ]
SQL: INSERT INTO `tb_passage` (`type`,`title`,`content`,`user`,`time`) VALUES (1,'This is the tiltle','&lt;p&gt;Contents&lt;/p&gt;','SmallRain','2015-07-08') [ RunTime:0.053003s ]
INFO: [ app_end ] --START--
INFO: Run Behavior\ShowPageTrace [ RunTime:0.000000s ]
INFO: [ app_end ] --END-- [ RunTime:0.000000s ]

[ 2015-07-08T08:53:40+08:00 ] 127.0.0.1 /SmallRain/index.php/Home/Index/add_comments
INFO: [ app_begin ] --START--
INFO: Run Behavior\ReadHtmlCache [ RunTime:0.001000s ]
INFO: [ app_begin ] --END-- [ RunTime:0.001000s ]
INFO: [ action_begin ] --START--
INFO: [ action_begin ] --END-- [ RunTime:0.000000s ]
NOTIC: [8192] mysql_connect(): The mysql extension is deprecated and will be removed in the future: use mysqli or PDO instead D:\xampp\www\SmallRain\ThinkPHP\Library\Think\Db\Driver\Mysql.class.php 第 52 行.
SQL: SHOW COLUMNS FROM `tb_member` [ RunTime:0.003000s ]
SQL: SELECT * FROM `tb_member` WHERE ( username='SmallRain' ) LIMIT 1   [ RunTime:0.000000s ]
SQL: SHOW COLUMNS FROM `tb_comment` [ RunTime:0.002001s ]
SQL: INSERT INTO `tb_comment` (`pass_id`,`user_id`,`say`,`time`,`ip`) VALUES (27,2,'好酷呀!!!','2015-07-08 08:53 am','127.0.0.1') [ RunTime:0.116006s ]
INFO: [ app_end ] --START--
INFO: Run Behavior\ShowPageTrace [ RunTime:0.000000s ]
INFO: [ app_end ] --END-- [ RunTime:0.000000s ]

[ 2015-07-08T08:55:38+08:00 ] 127.0.0.1 /Smallrain/index.php/Home/Admin/get_content
INFO: [ app_begin ] --START--
INFO: Run Behavior\ReadHtmlCache [ RunTime:0.000000s ]
INFO: [ app_begin ] --END-- [ RunTime:0.001000s ]
INFO: [ action_begin ] --START--
INFO: [ action_begin ] --END-- [ RunTime:0.000000s ]
NOTIC: [8192] mysql_connect(): The mysql extension is deprecated and will be removed in the future: use mysqli or PDO instead D:\xampp\www\SmallRain\ThinkPHP\Library\Think\Db\Driver\Mysql.class.php 第 52 行.
SQL: SHOW COLUMNS FROM `tb_passage` [ RunTime:0.004000s ]
SQL: INSERT INTO `tb_passage` (`type`,`title`,`content`,`user`,`time`) VALUES (4,'你是猪吗','&lt;p&gt;是的.你是猪&lt;/p&gt;','SmallRain','2015-07-08') [ RunTime:0.075004s ]
INFO: [ app_end ] --START--
INFO: Run Behavior\ShowPageTrace [ RunTime:0.000000s ]
INFO: [ app_end ] --END-- [ RunTime:0.000000s ]

[ 2015-07-08T09:15:56+08:00 ] 127.0.0.1 /SmallRain/index.php/Home/Index/add_comments
INFO: [ app_begin ] --START--
INFO: Run Behavior\ReadHtmlCache [ RunTime:0.000000s ]
INFO: [ app_begin ] --END-- [ RunTime:0.001000s ]
INFO: [ action_begin ] --START--
INFO: [ action_begin ] --END-- [ RunTime:0.000000s ]
NOTIC: [8192] mysql_connect(): The mysql extension is deprecated and will be removed in the future: use mysqli or PDO instead D:\xampp\www\SmallRain\ThinkPHP\Library\Think\Db\Driver\Mysql.class.php 第 52 行.
SQL: SHOW COLUMNS FROM `tb_member` [ RunTime:0.058003s ]
SQL: SELECT * FROM `tb_member` WHERE ( username='SmallRain' ) LIMIT 1   [ RunTime:0.011001s ]
SQL: SHOW COLUMNS FROM `tb_comment` [ RunTime:0.003000s ]
SQL: INSERT INTO `tb_comment` (`pass_id`,`user_id`,`say`,`time`,`ip`) VALUES (28,2,'hello','2015-07-08 09:15 am','127.0.0.1') [ RunTime:0.081005s ]
INFO: [ app_end ] --START--
INFO: Run Behavior\ShowPageTrace [ RunTime:0.000000s ]
INFO: [ app_end ] --END-- [ RunTime:0.000000s ]

[ 2015-07-08T09:48:06+08:00 ] 172.16.129.1 /SmallRain/index.php/Home/Index/add_comments
INFO: [ app_begin ] --START--
INFO: Run Behavior\ReadHtmlCache [ RunTime:0.000000s ]
INFO: [ app_begin ] --END-- [ RunTime:0.001000s ]
INFO: [ action_begin ] --START--
INFO: [ action_begin ] --END-- [ RunTime:0.000000s ]
NOTIC: [8192] mysql_connect(): The mysql extension is deprecated and will be removed in the future: use mysqli or PDO instead D:\xampp\www\SmallRain\ThinkPHP\Library\Think\Db\Driver\Mysql.class.php 第 52 行.
SQL: SHOW COLUMNS FROM `tb_member` [ RunTime:0.006000s ]
SQL: SELECT * FROM `tb_member` WHERE ( username='EBFGJX' ) LIMIT 1   [ RunTime:0.001000s ]
SQL: SHOW COLUMNS FROM `tb_comment` [ RunTime:0.006000s ]
SQL: INSERT INTO `tb_comment` (`pass_id`,`user_id`,`say`,`time`,`ip`) VALUES (6,3,'好好\n','2015-07-08 09:48 am','172.16.129.1') [ RunTime:0.094005s ]
INFO: [ app_end ] --START--
INFO: Run Behavior\ShowPageTrace [ RunTime:0.000000s ]
INFO: [ app_end ] --END-- [ RunTime:0.000000s ]

[ 2015-07-08T09:49:53+08:00 ] 172.16.129.1 /SmallRain/index.php/Home/Admin/get_content
INFO: [ app_begin ] --START--
INFO: Run Behavior\ReadHtmlCache [ RunTime:0.000000s ]
INFO: [ app_begin ] --END-- [ RunTime:0.002000s ]
INFO: [ action_begin ] --START--
INFO: [ action_begin ] --END-- [ RunTime:0.000000s ]
NOTIC: [8192] mysql_connect(): The mysql extension is deprecated and will be removed in the future: use mysqli or PDO instead D:\xampp\www\SmallRain\ThinkPHP\Library\Think\Db\Driver\Mysql.class.php 第 52 行.
SQL: SHOW COLUMNS FROM `tb_passage` [ RunTime:0.003001s ]
SQL: INSERT INTO `tb_passage` (`type`,`title`,`content`,`user`,`time`) VALUES (2,'中华人民共和国','&lt;p&gt;&lt;img src=&quot;http://img.baidu.com/hi/jx2/j_0009.gif&quot;/&gt;我是中国人&lt;/p&gt;','EBFGJX','2015-07-08') [ RunTime:0.079004s ]
INFO: [ app_end ] --START--
INFO: Run Behavior\ShowPageTrace [ RunTime:0.000000s ]
INFO: [ app_end ] --END-- [ RunTime:0.000000s ]

